2023-11-24 18:22:50,278 INFO o.h.v.i.u.Version [background-preinit] HV000001: Hibernate Validator 8.0.1.Final
2023-11-24 18:22:50,316 INFO o.s.b.StartupInfoLogger [main] Starting TealanApplication using Java 21.0.1 with PID 9832 (H:\Users\formi\intellij-workspace\tealan\target\classes started by Alex in H:\Users\formi\intellij-workspace\tealan)
2023-11-24 18:22:50,317 INFO o.s.b.SpringApplication [main] No active profile set, falling back to 1 default profile: "default"
2023-11-24 18:22:50,914 INFO o.s.d.r.c.RepositoryConfigurationDelegate [main] Bootstrapping Spring Data JPA repositories in DEFAULT mode.
2023-11-24 18:22:50,975 INFO o.s.d.r.c.RepositoryConfigurationDelegate [main] Finished Spring Data repository scanning in 52 ms. Found 2 JPA repository interfaces.
2023-11-24 18:22:51,467 INFO o.s.b.w.e.t.TomcatWebServer [main] Tomcat initialized with port(s): 8080 (http)
2023-11-24 18:22:51,475 INFO o.a.j.l.DirectJDKLog [main] Initializing ProtocolHandler ["http-nio-8080"]
2023-11-24 18:22:51,477 INFO o.a.j.l.DirectJDKLog [main] Starting service [Tomcat]
2023-11-24 18:22:51,478 INFO o.a.j.l.DirectJDKLog [main] Starting Servlet engine: [Apache Tomcat/10.1.15]
2023-11-24 18:22:51,581 INFO o.a.j.l.DirectJDKLog [main] Initializing Spring embedded WebApplicationContext
2023-11-24 18:22:51,582 INFO o.s.b.w.s.c.ServletWebServerApplicationContext [main] Root WebApplicationContext: initialization completed in 1224 ms
2023-11-24 18:22:51,744 INFO o.h.j.i.u.LogHelper [main] HHH000204: Processing PersistenceUnitInfo [name: default]
2023-11-24 18:22:51,807 INFO o.h.Version [main] HHH000412: Hibernate ORM core version 6.2.13.Final
2023-11-24 18:22:51,809 INFO o.h.c.Environment [main] HHH000406: Using bytecode reflection optimizer
2023-11-24 18:22:52,094 INFO o.s.o.j.p.SpringPersistenceUnitInfo [main] No LoadTimeWeaver setup: ignoring JPA class transformer
2023-11-24 18:22:52,122 INFO c.z.h.HikariDataSource [main] HikariPool-1 - Starting...
2023-11-24 18:22:52,240 INFO c.z.h.p.HikariPool [main] HikariPool-1 - Added connection org.postgresql.jdbc.PgConnection@d1c5cf2
2023-11-24 18:22:52,242 INFO c.z.h.HikariDataSource [main] HikariPool-1 - Start completed.
2023-11-24 18:22:53,318 INFO o.h.e.t.j.p.i.JtaPlatformInitiator [main] HHH000489: No JTA platform available (set 'hibernate.transaction.jta.platform' to enable JTA platform integration)
2023-11-24 18:22:53,339 WARN o.h.e.j.s.SqlExceptionHelper$StandardWarningHandler [main] SQL Warning Code: 0, SQLState: 00000
2023-11-24 18:22:53,340 WARN o.h.e.j.s.SqlExceptionHelper$StandardWarningHandler [main] Relation »lessons_students« existiert nicht, wird übersprungen
2023-11-24 18:22:53,340 WARN o.h.e.j.s.SqlExceptionHelper$StandardWarningHandler [main] SQL Warning Code: 0, SQLState: 00000
2023-11-24 18:22:53,341 WARN o.h.e.j.s.SqlExceptionHelper$StandardWarningHandler [main] Relation »lessons_students« existiert nicht, wird übersprungen
2023-11-24 18:22:53,341 WARN o.h.e.j.s.SqlExceptionHelper$StandardWarningHandler [main] SQL Warning Code: 0, SQLState: 00000
2023-11-24 18:22:53,341 WARN o.h.e.j.s.SqlExceptionHelper$StandardWarningHandler [main] Relation »students_lessons« existiert nicht, wird übersprungen
2023-11-24 18:22:53,342 WARN o.h.e.j.s.SqlExceptionHelper$StandardWarningHandler [main] SQL Warning Code: 0, SQLState: 00000
2023-11-24 18:22:53,342 WARN o.h.e.j.s.SqlExceptionHelper$StandardWarningHandler [main] Relation »students_lessons« existiert nicht, wird übersprungen
2023-11-24 18:22:53,343 WARN o.h.e.j.s.SqlExceptionHelper$StandardWarningHandler [main] SQL Warning Code: 0, SQLState: 00000
2023-11-24 18:22:53,343 WARN o.h.e.j.s.SqlExceptionHelper$StandardWarningHandler [main] Tabelle »lessons« existiert nicht, wird übersprungen
2023-11-24 18:22:53,343 WARN o.h.e.j.s.SqlExceptionHelper$StandardWarningHandler [main] SQL Warning Code: 0, SQLState: 00000
2023-11-24 18:22:53,343 WARN o.h.e.j.s.SqlExceptionHelper$StandardWarningHandler [main] Tabelle »lessons_students« existiert nicht, wird übersprungen
2023-11-24 18:22:53,344 WARN o.h.e.j.s.SqlExceptionHelper$StandardWarningHandler [main] SQL Warning Code: 0, SQLState: 00000
2023-11-24 18:22:53,344 WARN o.h.e.j.s.SqlExceptionHelper$StandardWarningHandler [main] Tabelle »students« existiert nicht, wird übersprungen
2023-11-24 18:22:53,344 WARN o.h.e.j.s.SqlExceptionHelper$StandardWarningHandler [main] SQL Warning Code: 0, SQLState: 00000
2023-11-24 18:22:53,345 WARN o.h.e.j.s.SqlExceptionHelper$StandardWarningHandler [main] Tabelle »students_lessons« existiert nicht, wird übersprungen
2023-11-24 18:22:53,422 INFO o.s.o.j.AbstractEntityManagerFactoryBean [main] Initialized JPA EntityManagerFactory for persistence unit 'default'
2023-11-24 18:22:54,012 INFO o.a.j.l.DirectJDKLog [main] Starting ProtocolHandler ["http-nio-8080"]
2023-11-24 18:22:54,031 INFO o.s.b.w.e.t.TomcatWebServer [main] Tomcat started on port(s): 8080 (http) with context path ''
2023-11-24 18:22:54,038 INFO o.s.b.StartupInfoLogger [main] Started TealanApplication in 4.261 seconds (process running for 7.088)
2023-11-24 18:26:36,216 INFO o.s.o.j.AbstractEntityManagerFactoryBean [SpringApplicationShutdownHook] Closing JPA EntityManagerFactory for persistence unit 'default'
2023-11-24 18:26:36,218 WARN o.h.e.j.s.SqlExceptionHelper$StandardWarningHandler [SpringApplicationShutdownHook] SQL Warning Code: 0, SQLState: 00000
2023-11-24 18:26:36,218 WARN o.h.e.j.s.SqlExceptionHelper$StandardWarningHandler [SpringApplicationShutdownHook] Relation »lessons_students« existiert nicht, wird übersprungen
2023-11-24 18:26:36,219 WARN o.h.e.j.s.SqlExceptionHelper$StandardWarningHandler [SpringApplicationShutdownHook] SQL Warning Code: 0, SQLState: 00000
2023-11-24 18:26:36,219 WARN o.h.e.j.s.SqlExceptionHelper$StandardWarningHandler [SpringApplicationShutdownHook] Relation »lessons_students« existiert nicht, wird übersprungen
2023-11-24 18:26:36,219 WARN o.h.e.j.s.SqlExceptionHelper$StandardWarningHandler [SpringApplicationShutdownHook] SQL Warning Code: 0, SQLState: 00000
2023-11-24 18:26:36,220 WARN o.h.e.j.s.SqlExceptionHelper$StandardWarningHandler [SpringApplicationShutdownHook] Relation »students_lessons« existiert nicht, wird übersprungen
2023-11-24 18:26:36,220 WARN o.h.e.j.s.SqlExceptionHelper$StandardWarningHandler [SpringApplicationShutdownHook] SQL Warning Code: 0, SQLState: 00000
2023-11-24 18:26:36,221 WARN o.h.e.j.s.SqlExceptionHelper$StandardWarningHandler [SpringApplicationShutdownHook] Relation »students_lessons« existiert nicht, wird übersprungen
2023-11-24 18:26:36,226 WARN o.h.e.j.s.SqlExceptionHelper$StandardWarningHandler [SpringApplicationShutdownHook] SQL Warning Code: 0, SQLState: 00000
2023-11-24 18:26:36,226 WARN o.h.e.j.s.SqlExceptionHelper$StandardWarningHandler [SpringApplicationShutdownHook] Tabelle »lessons_students« existiert nicht, wird übersprungen
2023-11-24 18:26:36,231 WARN o.h.e.j.s.SqlExceptionHelper$StandardWarningHandler [SpringApplicationShutdownHook] SQL Warning Code: 0, SQLState: 00000
2023-11-24 18:26:36,231 WARN o.h.e.j.s.SqlExceptionHelper$StandardWarningHandler [SpringApplicationShutdownHook] Tabelle »students_lessons« existiert nicht, wird übersprungen
2023-11-24 18:26:36,233 INFO c.z.h.HikariDataSource [SpringApplicationShutdownHook] HikariPool-1 - Shutdown initiated...
2023-11-24 18:26:36,236 INFO c.z.h.HikariDataSource [SpringApplicationShutdownHook] HikariPool-1 - Shutdown completed.
2023-11-24 18:26:41,639 INFO o.h.v.i.u.Version [background-preinit] HV000001: Hibernate Validator 8.0.1.Final
2023-11-24 18:26:41,669 INFO o.s.b.StartupInfoLogger [main] Starting TealanApplication using Java 21.0.1 with PID 18836 (H:\Users\formi\intellij-workspace\tealan\target\classes started by Alex in H:\Users\formi\intellij-workspace\tealan)
2023-11-24 18:26:41,670 INFO o.s.b.SpringApplication [main] No active profile set, falling back to 1 default profile: "default"
2023-11-24 18:26:42,236 INFO o.s.d.r.c.RepositoryConfigurationDelegate [main] Bootstrapping Spring Data JPA repositories in DEFAULT mode.
2023-11-24 18:26:42,288 INFO o.s.d.r.c.RepositoryConfigurationDelegate [main] Finished Spring Data repository scanning in 45 ms. Found 2 JPA repository interfaces.
2023-11-24 18:26:42,737 INFO o.s.b.w.e.t.TomcatWebServer [main] Tomcat initialized with port(s): 8080 (http)
2023-11-24 18:26:42,745 INFO o.a.j.l.DirectJDKLog [main] Initializing ProtocolHandler ["http-nio-8080"]
2023-11-24 18:26:42,747 INFO o.a.j.l.DirectJDKLog [main] Starting service [Tomcat]
2023-11-24 18:26:42,747 INFO o.a.j.l.DirectJDKLog [main] Starting Servlet engine: [Apache Tomcat/10.1.15]
2023-11-24 18:26:42,837 INFO o.a.j.l.DirectJDKLog [main] Initializing Spring embedded WebApplicationContext
2023-11-24 18:26:42,837 INFO o.s.b.w.s.c.ServletWebServerApplicationContext [main] Root WebApplicationContext: initialization completed in 1127 ms
2023-11-24 18:26:42,986 INFO o.h.j.i.u.LogHelper [main] HHH000204: Processing PersistenceUnitInfo [name: default]
2023-11-24 18:26:43,033 INFO o.h.Version [main] HHH000412: Hibernate ORM core version 6.2.13.Final
2023-11-24 18:26:43,035 INFO o.h.c.Environment [main] HHH000406: Using bytecode reflection optimizer
2023-11-24 18:26:43,280 INFO o.s.o.j.p.SpringPersistenceUnitInfo [main] No LoadTimeWeaver setup: ignoring JPA class transformer
2023-11-24 18:26:43,303 INFO c.z.h.HikariDataSource [main] HikariPool-1 - Starting...
2023-11-24 18:26:43,498 INFO c.z.h.p.HikariPool [main] HikariPool-1 - Added connection org.postgresql.jdbc.PgConnection@48cf8414
2023-11-24 18:26:43,500 INFO c.z.h.HikariDataSource [main] HikariPool-1 - Start completed.
2023-11-24 18:26:44,415 INFO o.h.e.t.j.p.i.JtaPlatformInitiator [main] HHH000489: No JTA platform available (set 'hibernate.transaction.jta.platform' to enable JTA platform integration)
2023-11-24 18:26:44,432 WARN o.h.e.j.s.SqlExceptionHelper$StandardWarningHandler [main] SQL Warning Code: 0, SQLState: 00000
2023-11-24 18:26:44,432 WARN o.h.e.j.s.SqlExceptionHelper$StandardWarningHandler [main] Relation »lessons_students« existiert nicht, wird übersprungen
2023-11-24 18:26:44,433 WARN o.h.e.j.s.SqlExceptionHelper$StandardWarningHandler [main] SQL Warning Code: 0, SQLState: 00000
2023-11-24 18:26:44,433 WARN o.h.e.j.s.SqlExceptionHelper$StandardWarningHandler [main] Relation »lessons_students« existiert nicht, wird übersprungen
2023-11-24 18:26:44,433 WARN o.h.e.j.s.SqlExceptionHelper$StandardWarningHandler [main] SQL Warning Code: 0, SQLState: 00000
2023-11-24 18:26:44,433 WARN o.h.e.j.s.SqlExceptionHelper$StandardWarningHandler [main] Relation »students_lessons« existiert nicht, wird übersprungen
2023-11-24 18:26:44,434 WARN o.h.e.j.s.SqlExceptionHelper$StandardWarningHandler [main] SQL Warning Code: 0, SQLState: 00000
2023-11-24 18:26:44,434 WARN o.h.e.j.s.SqlExceptionHelper$StandardWarningHandler [main] Relation »students_lessons« existiert nicht, wird übersprungen
2023-11-24 18:26:44,435 WARN o.h.e.j.s.SqlExceptionHelper$StandardWarningHandler [main] SQL Warning Code: 0, SQLState: 00000
2023-11-24 18:26:44,435 WARN o.h.e.j.s.SqlExceptionHelper$StandardWarningHandler [main] Tabelle »lessons« existiert nicht, wird übersprungen
2023-11-24 18:26:44,435 WARN o.h.e.j.s.SqlExceptionHelper$StandardWarningHandler [main] SQL Warning Code: 0, SQLState: 00000
2023-11-24 18:26:44,435 WARN o.h.e.j.s.SqlExceptionHelper$StandardWarningHandler [main] Tabelle »lessons_students« existiert nicht, wird übersprungen
2023-11-24 18:26:44,436 WARN o.h.e.j.s.SqlExceptionHelper$StandardWarningHandler [main] SQL Warning Code: 0, SQLState: 00000
2023-11-24 18:26:44,436 WARN o.h.e.j.s.SqlExceptionHelper$StandardWarningHandler [main] Tabelle »students« existiert nicht, wird übersprungen
2023-11-24 18:26:44,436 WARN o.h.e.j.s.SqlExceptionHelper$StandardWarningHandler [main] SQL Warning Code: 0, SQLState: 00000
2023-11-24 18:26:44,437 WARN o.h.e.j.s.SqlExceptionHelper$StandardWarningHandler [main] Tabelle »students_lessons« existiert nicht, wird übersprungen
2023-11-24 18:26:44,470 INFO o.s.o.j.AbstractEntityManagerFactoryBean [main] Initialized JPA EntityManagerFactory for persistence unit 'default'
2023-11-24 18:26:45,001 INFO o.a.j.l.DirectJDKLog [main] Starting ProtocolHandler ["http-nio-8080"]
2023-11-24 18:26:45,019 INFO o.s.b.w.e.t.TomcatWebServer [main] Tomcat started on port(s): 8080 (http) with context path ''
2023-11-24 18:26:45,026 INFO o.s.b.StartupInfoLogger [main] Started TealanApplication in 3.85 seconds (process running for 4.461)
2023-11-24 18:32:34,027 INFO o.s.o.j.AbstractEntityManagerFactoryBean [SpringApplicationShutdownHook] Closing JPA EntityManagerFactory for persistence unit 'default'
2023-11-24 18:32:34,028 WARN o.h.e.j.s.SqlExceptionHelper$StandardWarningHandler [SpringApplicationShutdownHook] SQL Warning Code: 0, SQLState: 00000
2023-11-24 18:32:34,029 WARN o.h.e.j.s.SqlExceptionHelper$StandardWarningHandler [SpringApplicationShutdownHook] Relation »lessons_students« existiert nicht, wird übersprungen
2023-11-24 18:32:34,029 WARN o.h.e.j.s.SqlExceptionHelper$StandardWarningHandler [SpringApplicationShutdownHook] SQL Warning Code: 0, SQLState: 00000
2023-11-24 18:32:34,029 WARN o.h.e.j.s.SqlExceptionHelper$StandardWarningHandler [SpringApplicationShutdownHook] Relation »lessons_students« existiert nicht, wird übersprungen
2023-11-24 18:32:34,029 WARN o.h.e.j.s.SqlExceptionHelper$StandardWarningHandler [SpringApplicationShutdownHook] SQL Warning Code: 0, SQLState: 00000
2023-11-24 18:32:34,030 WARN o.h.e.j.s.SqlExceptionHelper$StandardWarningHandler [SpringApplicationShutdownHook] Relation »students_lessons« existiert nicht, wird übersprungen
2023-11-24 18:32:34,030 WARN o.h.e.j.s.SqlExceptionHelper$StandardWarningHandler [SpringApplicationShutdownHook] SQL Warning Code: 0, SQLState: 00000
2023-11-24 18:32:34,030 WARN o.h.e.j.s.SqlExceptionHelper$StandardWarningHandler [SpringApplicationShutdownHook] Relation »students_lessons« existiert nicht, wird übersprungen
2023-11-24 18:32:34,034 WARN o.h.e.j.s.SqlExceptionHelper$StandardWarningHandler [SpringApplicationShutdownHook] SQL Warning Code: 0, SQLState: 00000
2023-11-24 18:32:34,035 WARN o.h.e.j.s.SqlExceptionHelper$StandardWarningHandler [SpringApplicationShutdownHook] Tabelle »lessons_students« existiert nicht, wird übersprungen
2023-11-24 18:32:34,039 WARN o.h.e.j.s.SqlExceptionHelper$StandardWarningHandler [SpringApplicationShutdownHook] SQL Warning Code: 0, SQLState: 00000
2023-11-24 18:32:34,039 WARN o.h.e.j.s.SqlExceptionHelper$StandardWarningHandler [SpringApplicationShutdownHook] Tabelle »students_lessons« existiert nicht, wird übersprungen
2023-11-24 18:32:34,041 INFO c.z.h.HikariDataSource [SpringApplicationShutdownHook] HikariPool-1 - Shutdown initiated...
2023-11-24 18:32:34,044 INFO c.z.h.HikariDataSource [SpringApplicationShutdownHook] HikariPool-1 - Shutdown completed.
2023-11-24 18:32:40,443 INFO o.h.v.i.u.Version [background-preinit] HV000001: Hibernate Validator 8.0.1.Final
2023-11-24 18:32:40,477 INFO o.s.b.StartupInfoLogger [main] Starting TealanApplication using Java 21.0.1 with PID 21028 (H:\Users\formi\intellij-workspace\tealan\target\classes started by Alex in H:\Users\formi\intellij-workspace\tealan)
2023-11-24 18:32:40,478 INFO o.s.b.SpringApplication [main] No active profile set, falling back to 1 default profile: "default"
2023-11-24 18:32:41,004 INFO o.s.d.r.c.RepositoryConfigurationDelegate [main] Bootstrapping Spring Data JPA repositories in DEFAULT mode.
2023-11-24 18:32:41,052 INFO o.s.d.r.c.RepositoryConfigurationDelegate [main] Finished Spring Data repository scanning in 42 ms. Found 2 JPA repository interfaces.
2023-11-24 18:32:41,501 INFO o.s.b.w.e.t.TomcatWebServer [main] Tomcat initialized with port(s): 8080 (http)
2023-11-24 18:32:41,508 INFO o.a.j.l.DirectJDKLog [main] Initializing ProtocolHandler ["http-nio-8080"]
2023-11-24 18:32:41,509 INFO o.a.j.l.DirectJDKLog [main] Starting service [Tomcat]
2023-11-24 18:32:41,510 INFO o.a.j.l.DirectJDKLog [main] Starting Servlet engine: [Apache Tomcat/10.1.15]
2023-11-24 18:32:41,592 INFO o.a.j.l.DirectJDKLog [main] Initializing Spring embedded WebApplicationContext
2023-11-24 18:32:41,593 INFO o.s.b.w.s.c.ServletWebServerApplicationContext [main] Root WebApplicationContext: initialization completed in 1074 ms
2023-11-24 18:32:41,729 INFO o.h.j.i.u.LogHelper [main] HHH000204: Processing PersistenceUnitInfo [name: default]
2023-11-24 18:32:41,777 INFO o.h.Version [main] HHH000412: Hibernate ORM core version 6.2.13.Final
2023-11-24 18:32:41,779 INFO o.h.c.Environment [main] HHH000406: Using bytecode reflection optimizer
2023-11-24 18:32:42,029 INFO o.s.o.j.p.SpringPersistenceUnitInfo [main] No LoadTimeWeaver setup: ignoring JPA class transformer
2023-11-24 18:32:42,053 INFO c.z.h.HikariDataSource [main] HikariPool-1 - Starting...
2023-11-24 18:32:42,159 INFO c.z.h.p.HikariPool [main] HikariPool-1 - Added connection org.postgresql.jdbc.PgConnection@44864536
2023-11-24 18:32:42,161 INFO c.z.h.HikariDataSource [main] HikariPool-1 - Start completed.
2023-11-24 18:32:43,098 INFO o.h.e.t.j.p.i.JtaPlatformInitiator [main] HHH000489: No JTA platform available (set 'hibernate.transaction.jta.platform' to enable JTA platform integration)
2023-11-24 18:32:43,115 WARN o.h.e.j.s.SqlExceptionHelper$StandardWarningHandler [main] SQL Warning Code: 0, SQLState: 00000
2023-11-24 18:32:43,116 WARN o.h.e.j.s.SqlExceptionHelper$StandardWarningHandler [main] Relation »lessons_students« existiert nicht, wird übersprungen
2023-11-24 18:32:43,116 WARN o.h.e.j.s.SqlExceptionHelper$StandardWarningHandler [main] SQL Warning Code: 0, SQLState: 00000
2023-11-24 18:32:43,117 WARN o.h.e.j.s.SqlExceptionHelper$StandardWarningHandler [main] Relation »lessons_students« existiert nicht, wird übersprungen
2023-11-24 18:32:43,117 WARN o.h.e.j.s.SqlExceptionHelper$StandardWarningHandler [main] SQL Warning Code: 0, SQLState: 00000
2023-11-24 18:32:43,117 WARN o.h.e.j.s.SqlExceptionHelper$StandardWarningHandler [main] Relation »students_lessons« existiert nicht, wird übersprungen
2023-11-24 18:32:43,118 WARN o.h.e.j.s.SqlExceptionHelper$StandardWarningHandler [main] SQL Warning Code: 0, SQLState: 00000
2023-11-24 18:32:43,118 WARN o.h.e.j.s.SqlExceptionHelper$StandardWarningHandler [main] Relation »students_lessons« existiert nicht, wird übersprungen
2023-11-24 18:32:43,118 WARN o.h.e.j.s.SqlExceptionHelper$StandardWarningHandler [main] SQL Warning Code: 0, SQLState: 00000
2023-11-24 18:32:43,119 WARN o.h.e.j.s.SqlExceptionHelper$StandardWarningHandler [main] Tabelle »lessons« existiert nicht, wird übersprungen
2023-11-24 18:32:43,119 WARN o.h.e.j.s.SqlExceptionHelper$StandardWarningHandler [main] SQL Warning Code: 0, SQLState: 00000
2023-11-24 18:32:43,119 WARN o.h.e.j.s.SqlExceptionHelper$StandardWarningHandler [main] Tabelle »lessons_students« existiert nicht, wird übersprungen
2023-11-24 18:32:43,120 WARN o.h.e.j.s.SqlExceptionHelper$StandardWarningHandler [main] SQL Warning Code: 0, SQLState: 00000
2023-11-24 18:32:43,120 WARN o.h.e.j.s.SqlExceptionHelper$StandardWarningHandler [main] Tabelle »students« existiert nicht, wird übersprungen
2023-11-24 18:32:43,120 WARN o.h.e.j.s.SqlExceptionHelper$StandardWarningHandler [main] SQL Warning Code: 0, SQLState: 00000
2023-11-24 18:32:43,120 WARN o.h.e.j.s.SqlExceptionHelper$StandardWarningHandler [main] Tabelle »students_lessons« existiert nicht, wird übersprungen
2023-11-24 18:32:43,157 INFO o.s.o.j.AbstractEntityManagerFactoryBean [main] Initialized JPA EntityManagerFactory for persistence unit 'default'
2023-11-24 18:32:43,707 INFO o.a.j.l.DirectJDKLog [main] Starting ProtocolHandler ["http-nio-8080"]
2023-11-24 18:32:43,724 INFO o.s.b.w.e.t.TomcatWebServer [main] Tomcat started on port(s): 8080 (http) with context path ''
2023-11-24 18:32:43,731 INFO o.s.b.StartupInfoLogger [main] Started TealanApplication in 3.863 seconds (process running for 4.562)
2023-11-24 18:33:11,580 INFO o.s.o.j.AbstractEntityManagerFactoryBean [SpringApplicationShutdownHook] Closing JPA EntityManagerFactory for persistence unit 'default'
2023-11-24 18:33:11,582 WARN o.h.e.j.s.SqlExceptionHelper$StandardWarningHandler [SpringApplicationShutdownHook] SQL Warning Code: 0, SQLState: 00000
2023-11-24 18:33:11,582 WARN o.h.e.j.s.SqlExceptionHelper$StandardWarningHandler [SpringApplicationShutdownHook] Relation »lessons_students« existiert nicht, wird übersprungen
2023-11-24 18:33:11,583 WARN o.h.e.j.s.SqlExceptionHelper$StandardWarningHandler [SpringApplicationShutdownHook] SQL Warning Code: 0, SQLState: 00000
2023-11-24 18:33:11,583 WARN o.h.e.j.s.SqlExceptionHelper$StandardWarningHandler [SpringApplicationShutdownHook] Relation »lessons_students« existiert nicht, wird übersprungen
2023-11-24 18:33:11,583 WARN o.h.e.j.s.SqlExceptionHelper$StandardWarningHandler [SpringApplicationShutdownHook] SQL Warning Code: 0, SQLState: 00000
2023-11-24 18:33:11,583 WARN o.h.e.j.s.SqlExceptionHelper$StandardWarningHandler [SpringApplicationShutdownHook] Relation »students_lessons« existiert nicht, wird übersprungen
2023-11-24 18:33:11,584 WARN o.h.e.j.s.SqlExceptionHelper$StandardWarningHandler [SpringApplicationShutdownHook] SQL Warning Code: 0, SQLState: 00000
2023-11-24 18:33:11,584 WARN o.h.e.j.s.SqlExceptionHelper$StandardWarningHandler [SpringApplicationShutdownHook] Relation »students_lessons« existiert nicht, wird übersprungen
2023-11-24 18:33:11,591 WARN o.h.e.j.s.SqlExceptionHelper$StandardWarningHandler [SpringApplicationShutdownHook] SQL Warning Code: 0, SQLState: 00000
2023-11-24 18:33:11,591 WARN o.h.e.j.s.SqlExceptionHelper$StandardWarningHandler [SpringApplicationShutdownHook] Tabelle »lessons_students« existiert nicht, wird übersprungen
2023-11-24 18:33:11,595 WARN o.h.e.j.s.SqlExceptionHelper$StandardWarningHandler [SpringApplicationShutdownHook] SQL Warning Code: 0, SQLState: 00000
2023-11-24 18:33:11,595 WARN o.h.e.j.s.SqlExceptionHelper$StandardWarningHandler [SpringApplicationShutdownHook] Tabelle »students_lessons« existiert nicht, wird übersprungen
2023-11-24 18:33:11,597 INFO c.z.h.HikariDataSource [SpringApplicationShutdownHook] HikariPool-1 - Shutdown initiated...
2023-11-24 18:33:11,600 INFO c.z.h.HikariDataSource [SpringApplicationShutdownHook] HikariPool-1 - Shutdown completed.
2023-11-24 18:33:16,752 INFO o.h.v.i.u.Version [background-preinit] HV000001: Hibernate Validator 8.0.1.Final
2023-11-24 18:33:16,785 INFO o.s.b.StartupInfoLogger [main] Starting TealanApplication using Java 21.0.1 with PID 18068 (H:\Users\formi\intellij-workspace\tealan\target\classes started by Alex in H:\Users\formi\intellij-workspace\tealan)
2023-11-24 18:33:16,786 INFO o.s.b.SpringApplication [main] No active profile set, falling back to 1 default profile: "default"
2023-11-24 18:33:17,301 INFO o.s.d.r.c.RepositoryConfigurationDelegate [main] Bootstrapping Spring Data JPA repositories in DEFAULT mode.
2023-11-24 18:33:17,351 INFO o.s.d.r.c.RepositoryConfigurationDelegate [main] Finished Spring Data repository scanning in 43 ms. Found 2 JPA repository interfaces.
2023-11-24 18:33:17,795 INFO o.s.b.w.e.t.TomcatWebServer [main] Tomcat initialized with port(s): 8080 (http)
2023-11-24 18:33:17,802 INFO o.a.j.l.DirectJDKLog [main] Initializing ProtocolHandler ["http-nio-8080"]
2023-11-24 18:33:17,804 INFO o.a.j.l.DirectJDKLog [main] Starting service [Tomcat]
2023-11-24 18:33:17,804 INFO o.a.j.l.DirectJDKLog [main] Starting Servlet engine: [Apache Tomcat/10.1.15]
2023-11-24 18:33:17,886 INFO o.a.j.l.DirectJDKLog [main] Initializing Spring embedded WebApplicationContext
2023-11-24 18:33:17,886 INFO o.s.b.w.s.c.ServletWebServerApplicationContext [main] Root WebApplicationContext: initialization completed in 1060 ms
2023-11-24 18:33:18,029 INFO o.h.j.i.u.LogHelper [main] HHH000204: Processing PersistenceUnitInfo [name: default]
2023-11-24 18:33:18,078 INFO o.h.Version [main] HHH000412: Hibernate ORM core version 6.2.13.Final
2023-11-24 18:33:18,080 INFO o.h.c.Environment [main] HHH000406: Using bytecode reflection optimizer
2023-11-24 18:33:18,324 INFO o.s.o.j.p.SpringPersistenceUnitInfo [main] No LoadTimeWeaver setup: ignoring JPA class transformer
2023-11-24 18:33:18,346 INFO c.z.h.HikariDataSource [main] HikariPool-1 - Starting...
2023-11-24 18:33:18,447 INFO c.z.h.p.HikariPool [main] HikariPool-1 - Added connection org.postgresql.jdbc.PgConnection@48cf8414
2023-11-24 18:33:18,448 INFO c.z.h.HikariDataSource [main] HikariPool-1 - Start completed.
2023-11-24 18:33:19,365 INFO o.h.e.t.j.p.i.JtaPlatformInitiator [main] HHH000489: No JTA platform available (set 'hibernate.transaction.jta.platform' to enable JTA platform integration)
2023-11-24 18:33:19,383 WARN o.h.e.j.s.SqlExceptionHelper$StandardWarningHandler [main] SQL Warning Code: 0, SQLState: 00000
2023-11-24 18:33:19,384 WARN o.h.e.j.s.SqlExceptionHelper$StandardWarningHandler [main] Relation »lessons_students« existiert nicht, wird übersprungen
2023-11-24 18:33:19,384 WARN o.h.e.j.s.SqlExceptionHelper$StandardWarningHandler [main] SQL Warning Code: 0, SQLState: 00000
2023-11-24 18:33:19,384 WARN o.h.e.j.s.SqlExceptionHelper$StandardWarningHandler [main] Relation »lessons_students« existiert nicht, wird übersprungen
2023-11-24 18:33:19,385 WARN o.h.e.j.s.SqlExceptionHelper$StandardWarningHandler [main] SQL Warning Code: 0, SQLState: 00000
2023-11-24 18:33:19,385 WARN o.h.e.j.s.SqlExceptionHelper$StandardWarningHandler [main] Tabelle »lessons« existiert nicht, wird übersprungen
2023-11-24 18:33:19,385 WARN o.h.e.j.s.SqlExceptionHelper$StandardWarningHandler [main] SQL Warning Code: 0, SQLState: 00000
2023-11-24 18:33:19,385 WARN o.h.e.j.s.SqlExceptionHelper$StandardWarningHandler [main] Tabelle »lessons_students« existiert nicht, wird übersprungen
2023-11-24 18:33:19,386 WARN o.h.e.j.s.SqlExceptionHelper$StandardWarningHandler [main] SQL Warning Code: 0, SQLState: 00000
2023-11-24 18:33:19,386 WARN o.h.e.j.s.SqlExceptionHelper$StandardWarningHandler [main] Tabelle »students« existiert nicht, wird übersprungen
2023-11-24 18:33:19,420 INFO o.s.o.j.AbstractEntityManagerFactoryBean [main] Initialized JPA EntityManagerFactory for persistence unit 'default'
2023-11-24 18:33:19,987 INFO o.a.j.l.DirectJDKLog [main] Starting ProtocolHandler ["http-nio-8080"]
2023-11-24 18:33:20,005 INFO o.s.b.w.e.t.TomcatWebServer [main] Tomcat started on port(s): 8080 (http) with context path ''
2023-11-24 18:33:20,012 INFO o.s.b.StartupInfoLogger [main] Started TealanApplication in 3.721 seconds (process running for 4.327)
2023-11-24 18:48:26,841 INFO o.s.o.j.AbstractEntityManagerFactoryBean [SpringApplicationShutdownHook] Closing JPA EntityManagerFactory for persistence unit 'default'
2023-11-24 18:48:26,861 INFO c.z.h.HikariDataSource [SpringApplicationShutdownHook] HikariPool-1 - Shutdown initiated...
2023-11-24 18:48:26,864 INFO c.z.h.HikariDataSource [SpringApplicationShutdownHook] HikariPool-1 - Shutdown completed.
